app/build/intermediates/manifest_merge_blame_file/release/manifest-merger-blame-release-report.txt
1<?xml version="1.0" encoding="utf-8"?>
2<manifest xmlns:android="http://schemas.android.com/apk/res/android"
3    package="com.photoeditor.blendphotoeditor.blendermixer"
4    android:versionCode="3"
5    android:versionName="3.1.1" >
6
7    <uses-sdk
8        android:minSdkVersion="17"
8-->src\main\AndroidManifest.xml
9        android:targetSdkVersion="29" />
9-->src\main\AndroidManifest.xml
10
11    <uses-permission android:name="android.permission.WRITE_EXTERNAL_STORAGE" />
11-->src\main\AndroidManifest.xml:5:5-81
11-->src\main\AndroidManifest.xml:5:22-78
12    <uses-permission android:name="android.permission.READ_EXTERNAL_STORAGE" />
12-->src\main\AndroidManifest.xml:6:5-80
12-->src\main\AndroidManifest.xml:6:22-77
13    <uses-permission android:name="android.permission.INTERNET" />
13-->src\main\AndroidManifest.xml:7:5-67
13-->src\main\AndroidManifest.xml:7:22-64
14    <uses-permission android:name="android.permission.ACCESS_NETWORK_STATE" />
14-->src\main\AndroidManifest.xml:8:5-79
14-->src\main\AndroidManifest.xml:8:22-76
15    <uses-permission android:name="android.permission.WAKE_LOCK" />
15-->[com.google.android.gms:play-services-measurement-sdk-api:17.1.0] AndroidManifest.xml:25:5-68
15-->[com.google.android.gms:play-services-measurement-sdk-api:17.1.0] AndroidManifest.xml:25:22-65
16
17    <application
17-->src\main\AndroidManifest.xml:10:5-62:19
18        android:allowBackup="true"
18-->src\main\AndroidManifest.xml:11:9-35
19        android:appComponentFactory="androidx.core.app.CoreComponentFactory"
19-->[androidx.core:core:1.1.0] AndroidManifest.xml:24:18-86
20        android:icon="@mipmap/ic_launcher"
20-->src\main\AndroidManifest.xml:12:9-43
21        android:label="@string/app_name"
21-->src\main\AndroidManifest.xml:13:9-41
22        android:roundIcon="@mipmap/ic_launcher_round"
22-->src\main\AndroidManifest.xml:14:9-54
23        android:supportsRtl="true"
23-->src\main\AndroidManifest.xml:15:9-35
24        android:theme="@style/AppTheme.s" >
24-->src\main\AndroidManifest.xml:16:9-42
25        <activity android:name="com.photoeditor.blendphotoeditor.blendermixer.NAGYRHAGA_MainActivity" />
25-->src\main\AndroidManifest.xml:17:9-69
25-->src\main\AndroidManifest.xml:17:19-57
26
27        <meta-data
27-->src\main\AndroidManifest.xml:19:9-21:49
28            android:name="com.google.android.gms.ads.APPLICATION_ID"
28-->src\main\AndroidManifest.xml:20:13-69
29            android:value="@string/app_ad_id" />
29-->src\main\AndroidManifest.xml:21:13-46
30
31        <activity
31-->src\main\AndroidManifest.xml:23:9-25:54
32            android:name="com.photoeditor.blendphotoeditor.blendermixer.NAGYRHAGA_CropImageActivity"
32-->src\main\AndroidManifest.xml:24:13-56
33            android:screenOrientation="fullSensor" />
33-->src\main\AndroidManifest.xml:25:13-51
34        <activity
34-->src\main\AndroidManifest.xml:26:9-29:54
35            android:name="com.photoeditor.blendphotoeditor.blendermixer.NAGYRHAGA_MyCreationListPageActivity"
35-->src\main\AndroidManifest.xml:27:13-65
36            android:launchMode="singleTask"
36-->src\main\AndroidManifest.xml:28:13-44
37            android:screenOrientation="fullSensor" />
37-->src\main\AndroidManifest.xml:29:13-51
38        <activity
38-->src\main\AndroidManifest.xml:30:9-33:54
39            android:name="com.photoeditor.blendphotoeditor.blendermixer.NAGYRHAGA_MyCreationViewPageActivity"
39-->src\main\AndroidManifest.xml:31:13-65
40            android:launchMode="singleTask"
40-->src\main\AndroidManifest.xml:32:13-44
41            android:screenOrientation="fullSensor" />
41-->src\main\AndroidManifest.xml:33:13-51
42        <activity
42-->src\main\AndroidManifest.xml:34:9-37:54
43            android:name="com.photoeditor.blendphotoeditor.blendermixer.NAGYRHAGA_Policy"
43-->src\main\AndroidManifest.xml:35:13-45
44            android:launchMode="singleTask"
44-->src\main\AndroidManifest.xml:36:13-44
45            android:screenOrientation="fullSensor" />
45-->src\main\AndroidManifest.xml:37:13-51
46        <activity
46-->src\main\AndroidManifest.xml:38:9-40:54
47            android:name="com.photoeditor.blendphotoeditor.blendermixer.NAGYRHAGA_AddTextPageActivity"
47-->src\main\AndroidManifest.xml:39:13-58
48            android:screenOrientation="fullSensor" />
48-->src\main\AndroidManifest.xml:40:13-51
49        <activity
49-->src\main\AndroidManifest.xml:41:9-43:54
50            android:name="com.photoeditor.blendphotoeditor.blendermixer.NAGYRHAGA_GetAllStickerActivity"
50-->src\main\AndroidManifest.xml:42:13-60
51            android:screenOrientation="fullSensor" />
51-->src\main\AndroidManifest.xml:43:13-51
52        <activity
52-->src\main\AndroidManifest.xml:44:9-46:54
53            android:name="com.photoeditor.blendphotoeditor.blendermixer.NAGYRHAGA_CropImagePageActivity"
53-->src\main\AndroidManifest.xml:45:13-60
54            android:screenOrientation="fullSensor" />
54-->src\main\AndroidManifest.xml:46:13-51
55        <activity
55-->src\main\AndroidManifest.xml:47:9-49:54
56            android:name="com.photoeditor.blendphotoeditor.blendermixer.NAGYRHAGA_SecondEditPageActivity"
56-->src\main\AndroidManifest.xml:48:13-61
57            android:screenOrientation="fullSensor" />
57-->src\main\AndroidManifest.xml:49:13-51
58        <activity
58-->src\main\AndroidManifest.xml:50:9-52:54
59            android:name="com.photoeditor.blendphotoeditor.blendermixer.NAGYRHAGA_FirstEditPageActivity"
59-->src\main\AndroidManifest.xml:51:13-60
60            android:screenOrientation="fullSensor" />
60-->src\main\AndroidManifest.xml:52:13-51
61        <activity
61-->src\main\AndroidManifest.xml:53:9-61:20
62            android:name="com.photoeditor.blendphotoeditor.blendermixer.Splash"
62-->src\main\AndroidManifest.xml:54:13-35
63            android:screenOrientation="fullSensor" >
63-->src\main\AndroidManifest.xml:55:13-51
64            <intent-filter>
64-->src\main\AndroidManifest.xml:56:13-60:29
65                <action android:name="android.intent.action.MAIN" />
65-->src\main\AndroidManifest.xml:57:17-69
65-->src\main\AndroidManifest.xml:57:25-66
66
67                <category android:name="android.intent.category.LAUNCHER" />
67-->src\main\AndroidManifest.xml:59:17-77
67-->src\main\AndroidManifest.xml:59:27-74
68            </intent-filter>
69        </activity>
70        <activity
70-->[com.facebook.android:audience-network-sdk:5.9.0] AndroidManifest.xml:15:9-19:75
71            android:name="com.facebook.ads.AudienceNetworkActivity"
71-->[com.facebook.android:audience-network-sdk:5.9.0] AndroidManifest.xml:16:13-68
72            android:configChanges="keyboardHidden|orientation|screenSize"
72-->[com.facebook.android:audience-network-sdk:5.9.0] AndroidManifest.xml:17:13-74
73            android:exported="false"
73-->[com.facebook.android:audience-network-sdk:5.9.0] AndroidManifest.xml:18:13-37
74            android:theme="@android:style/Theme.Translucent.NoTitleBar" />
74-->[com.facebook.android:audience-network-sdk:5.9.0] AndroidManifest.xml:19:13-72
75
76        <provider
76-->[com.facebook.android:audience-network-sdk:5.9.0] AndroidManifest.xml:21:9-24:40
77            android:name="com.facebook.ads.AudienceNetworkContentProvider"
77-->[com.facebook.android:audience-network-sdk:5.9.0] AndroidManifest.xml:22:13-75
78            android:authorities="com.photoeditor.blendphotoeditor.blendermixer.AudienceNetworkContentProvider"
78-->[com.facebook.android:audience-network-sdk:5.9.0] AndroidManifest.xml:23:13-82
79            android:exported="false" /> <!-- Include the AdActivity and InAppPurchaseActivity configChanges and themes. -->
79-->[com.facebook.android:audience-network-sdk:5.9.0] AndroidManifest.xml:24:13-37
80        <activity
80-->[com.google.android.gms:play-services-ads-lite:18.3.0] AndroidManifest.xml:29:9-33:64
81            android:name="com.google.android.gms.ads.AdActivity"
81-->[com.google.android.gms:play-services-ads-lite:18.3.0] AndroidManifest.xml:30:13-65
82            android:configChanges="keyboard|keyboardHidden|orientation|screenLayout|uiMode|screenSize|smallestScreenSize"
82-->[com.google.android.gms:play-services-ads-lite:18.3.0] AndroidManifest.xml:31:13-122
83            android:exported="false"
83-->[com.google.android.gms:play-services-ads-lite:18.3.0] AndroidManifest.xml:32:13-37
84            android:theme="@android:style/Theme.Translucent" />
84-->[com.google.android.gms:play-services-ads-lite:18.3.0] AndroidManifest.xml:33:13-61
85
86        <provider
86-->[com.google.android.gms:play-services-ads-lite:18.3.0] AndroidManifest.xml:35:9-39:39
87            android:name="com.google.android.gms.ads.MobileAdsInitProvider"
87-->[com.google.android.gms:play-services-ads-lite:18.3.0] AndroidManifest.xml:36:13-76
88            android:authorities="com.photoeditor.blendphotoeditor.blendermixer.mobileadsinitprovider"
88-->[com.google.android.gms:play-services-ads-lite:18.3.0] AndroidManifest.xml:37:13-73
89            android:exported="false"
89-->[com.google.android.gms:play-services-ads-lite:18.3.0] AndroidManifest.xml:38:13-37
90            android:initOrder="100" />
90-->[com.google.android.gms:play-services-ads-lite:18.3.0] AndroidManifest.xml:39:13-36
91
92        <meta-data
92-->[com.google.android.gms:play-services-basement:17.0.0] AndroidManifest.xml:23:9-25:69
93            android:name="com.google.android.gms.version"
93-->[com.google.android.gms:play-services-basement:17.0.0] AndroidManifest.xml:24:13-58
94            android:value="@integer/google_play_services_version" />
94-->[com.google.android.gms:play-services-basement:17.0.0] AndroidManifest.xml:25:13-66
95    </application>
96
97</manifest>